113.03.04 20:15 B C:\Documents and Settings\Philip Pecorino\My Documents\My Web Sites\QCCWeb-DW\INTRO_TEXT\Chapter 2 GREEKS\CH-2-documents\Euripides c. 480-406 B.C.pdf --> www2.sunysuffolk.edu /pecorip/SCCCWEB/INTRO_TEXT/Chapter 2 GREEKS/CH-2-documents Euripides c. 480-406 B.C.pdf
113.03.04 20:16 B C:\Documents and Settings\Philip Pecorino\My Documents\My Web Sites\QCCWeb-DW\INTRO_TEXT\Chapter 2 GREEKS\CH-2-documents\Sophocles c. 496-406 B.C.pdf --> www2.sunysuffolk.edu /pecorip/SCCCWEB/INTRO_TEXT/Chapter 2 GREEKS/CH-2-documents Sophocles c. 496-406 B.C.pdf
113.03.04 20:16 B C:\Documents and Settings\Philip Pecorino\My Documents\My Web Sites\QCCWeb-DW\INTRO_TEXT\Chapter 2 GREEKS\CH-2-documents\Aristophanes c. 448-380 B.C.pdf --> www2.sunysuffolk.edu /pecorip/SCCCWEB/INTRO_TEXT/Chapter 2 GREEKS/CH-2-documents Aristophanes c. 448-380 B.C.pdf
113.03.04 20:16 B C:\Documents and Settings\Philip Pecorino\My Documents\My Web Sites\QCCWeb-DW\INTRO_TEXT\Chapter 2 GREEKS\CH-2-documents\Aristophanes, Birds (e-text).pdf --> www2.sunysuffolk.edu /pecorip/SCCCWEB/INTRO_TEXT/Chapter 2 GREEKS/CH-2-documents Aristophanes, Birds (e-text).pdf
113.03.04 20:16 B C:\Documents and Settings\Philip Pecorino\My Documents\My Web Sites\QCCWeb-DW\INTRO_TEXT\Chapter 2 GREEKS\CH-2-documents\Aristoophanes Lysistrata.pdf --> www2.sunysuffolk.edu /pecorip/SCCCWEB/INTRO_TEXT/Chapter 2 GREEKS/CH-2-documents Aristoophanes Lysistrata.pdf
113.03.04 20:16 B C:\Documents and Settings\Philip Pecorino\My Documents\My Web Sites\QCCWeb-DW\INTRO_TEXT\Chapter 2 GREEKS\CH-2-documents\Aristophanes Frogs.pdf --> www2.sunysuffolk.edu /pecorip/SCCCWEB/INTRO_TEXT/Chapter 2 GREEKS/CH-2-documents Aristophanes Frogs.pdf
113.03.04 20:16 B C:\Documents and Settings\Philip Pecorino\My Documents\My Web Sites\QCCWeb-DW\INTRO_TEXT\Chapter 2 GREEKS\CH-2-documents\presoc_anaximenes.pdf --> www2.sunysuffolk.edu /pecorip/SCCCWEB/INTRO_TEXT/Chapter 2 GREEKS/CH-2-documents presoc_anaximenes.pdf
113.03.04 20:16 B C:\Documents and Settings\Philip Pecorino\My Documents\My Web Sites\QCCWeb-DW\INTRO_TEXT\Chapter 2 GREEKS\CH-2-documents\presoc_anaxagoras.pdf --> www2.sunysuffolk.edu /pecorip/SCCCWEB/INTRO_TEXT/Chapter 2 GREEKS/CH-2-documents presoc_anaxagoras.pdf
113.03.04 20:16 B C:\Documents and Settings\Philip Pecorino\My Documents\My Web Sites\QCCWeb-DW\INTRO_TEXT\Chapter 2 GREEKS\CH-2-documents\presoc_empedocles.pdf --> www2.sunysuffolk.edu /pecorip/SCCCWEB/INTRO_TEXT/Chapter 2 GREEKS/CH-2-documents presoc_empedocles.pdf
113.03.04 20:16 B C:\Documents and Settings\Philip Pecorino\My Documents\My Web Sites\QCCWeb-DW\INTRO_TEXT\Chapter 2 GREEKS\CH-2-documents\presoc_leucippus.pdf --> www2.sunysuffolk.edu /pecorip/SCCCWEB/INTRO_TEXT/Chapter 2 GREEKS/CH-2-documents presoc_leucippus.pdf
113.03.04 20:16 B C:\Documents and Settings\Philip Pecorino\My Documents\My Web Sites\QCCWeb-DW\INTRO_TEXT\Chapter 2 GREEKS\CH-2-documents\presoc_pythagoras.pdf --> www2.sunysuffolk.edu /pecorip/SCCCWEB/INTRO_TEXT/Chapter 2 GREEKS/CH-2-documents presoc_pythagoras.pdf
113.03.04 20:16 B C:\Documents and Settings\Philip Pecorino\My Documents\My Web Sites\QCCWeb-DW\INTRO_TEXT\Chapter 2 GREEKS\CH-2-documents\presoc_democritus.pdf --> www2.sunysuffolk.edu /pecorip/SCCCWEB/INTRO_TEXT/Chapter 2 GREEKS/CH-2-documents presoc_democritus.pdf
113.03.04 20:16 B C:\Documents and Settings\Philip Pecorino\My Documents\My Web Sites\QCCWeb-DW\INTRO_TEXT\Chapter 2 GREEKS\CH-2-documents\presoc_lucretius.pdf --> www2.sunysuffolk.edu /pecorip/SCCCWEB/INTRO_TEXT/Chapter 2 GREEKS/CH-2-documents presoc_lucretius.pdf
113.03.04 20:16 B C:\Documents and Settings\Philip Pecorino\My Documents\My Web Sites\QCCWeb-DW\INTRO_TEXT\Chapter 2 GREEKS\CH-2-documents\presoc_parmendies.pdf --> www2.sunysuffolk.edu /pecorip/SCCCWEB/INTRO_TEXT/Chapter 2 GREEKS/CH-2-documents presoc_parmendies.pdf
113.03.04 20:16 B C:\Documents and Settings\Philip Pecorino\My Documents\My Web Sites\QCCWeb-DW\INTRO_TEXT\Chapter 2 GREEKS\CH-2-documents\presoc_heraclitus.pdf --> www2.sunysuffolk.edu /pecorip/SCCCWEB/INTRO_TEXT/Chapter 2 GREEKS/CH-2-documents presoc_heraclitus.pdf
113.03.04 20:16 B C:\Documents and Settings\Philip Pecorino\My Documents\My Web Sites\QCCWeb-DW\INTRO_TEXT\Chapter 2 GREEKS\CH-2-documents\presoc_xenophon.pdf --> www2.sunysuffolk.edu /pecorip/SCCCWEB/INTRO_TEXT/Chapter 2 GREEKS/CH-2-documents presoc_xenophon.pdf
113.03.04 20:16 B C:\Documents and Settings\Philip Pecorino\My Documents\My Web Sites\QCCWeb-DW\INTRO_TEXT\Chapter 2 GREEKS\CH-2-documents\presoc_diogenes.pdf --> www2.sunysuffolk.edu /pecorip/SCCCWEB/INTRO_TEXT/Chapter 2 GREEKS/CH-2-documents presoc_diogenes.pdf
113.03.04 20:16 B C:\Documents and Settings\Philip Pecorino\My Documents\My Web Sites\QCCWeb-DW\INTRO_TEXT\Chapter 2 GREEKS\CH-2-documents\presoc_thales.pdf --> www2.sunysuffolk.edu /pecorip/SCCCWEB/INTRO_TEXT/Chapter 2 GREEKS/CH-2-documents presoc_thales.pdf
113.03.04 20:16 B C:\Documents and Settings\Philip Pecorino\My Documents\My Web Sites\QCCWeb-DW\INTRO_TEXT\Chapter 2 GREEKS\CH-2-documents\presoc_anaximander.pdf --> www2.sunysuffolk.edu /pecorip/SCCCWEB/INTRO_TEXT/Chapter 2 GREEKS/CH-2-documents presoc_anaximander.pdf
113.03.04 20:16 B C:\Documents and Settings\Philip Pecorino\My Documents\My Web Sites\QCCWeb-DW\INTRO_TEXT\Chapter 2 GREEKS\CH-2-documents\philosophy from aristotle to augustine.pdf --> www2.sunysuffolk.edu /pecorip/SCCCWEB/INTRO_TEXT/Chapter 2 GREEKS/CH-2-documents philosophy from aristotle to augustine.pdf
113.03.04 20:16 B C:\Documents and Settings\Philip Pecorino\My Documents\My Web Sites\QCCWeb-DW\INTRO_TEXT\Chapter 2 GREEKS\CH-2-documents\plato_apology.pdf --> www2.sunysuffolk.edu /pecorip/SCCCWEB/INTRO_TEXT/Chapter 2 GREEKS/CH-2-documents plato_apology.pdf
113.03.04 20:16 B C:\Documents and Settings\Philip Pecorino\My Documents\My Web Sites\QCCWeb-DW\INTRO_TEXT\Chapter 2 GREEKS\CH-2-documents\CRITO-Summary of the Argument Against Escaping from Prison.pdf --> www2.sunysuffolk.edu /pecorip/SCCCWEB/INTRO_TEXT/Chapter 2 GREEKS/CH-2-documents CRITO-Summary of the Argument Against Escaping from Prison.pdf
113.03.04 20:16 B C:\Documents and Settings\Philip Pecorino\My Documents\My Web Sites\QCCWeb-DW\INTRO_TEXT\Chapter 2 GREEKS\CH-2-documents\Socratic Method & Scientific Method.pdf --> www2.sunysuffolk.edu /pecorip/SCCCWEB/INTRO_TEXT/Chapter 2 GREEKS/CH-2-documents Socratic Method & Scientific Method.pdf
113.03.04 20:16 B C:\Documents and Settings\Philip Pecorino\My Documents\My Web Sites\QCCWeb-DW\INTRO_TEXT\Chapter 2 GREEKS\CH-2-documents\Greek Philosophy_ Plato.pdf --> www2.sunysuffolk.edu /pecorip/SCCCWEB/INTRO_TEXT/Chapter 2 GREEKS/CH-2-documents Greek Philosophy_ Plato.pdf
113.03.04 20:16 B C:\Documents and Settings\Philip Pecorino\My Documents\My Web Sites\QCCWeb-DW\INTRO_TEXT\Chapter 2 GREEKS\CH-2-documents\Greek Philosophy_ Plato, The Allegory of the Cave, The Divided Line.pdf --> www2.sunysuffolk.edu /pecorip/SCCCWEB/INTRO_TEXT/Chapter 2 GREEKS/CH-2-documents Greek Philosophy_ Plato, The Allegory of the Cave, The Divided Line.pdf
113.03.04 20:16 B C:\Documents and Settings\Philip Pecorino\My Documents\My Web Sites\QCCWeb-DW\INTRO_TEXT\Chapter 2 GREEKS\CH-2-documents\symposium_contemporarytrans.pdf --> www2.sunysuffolk.edu /pecorip/SCCCWEB/INTRO_TEXT/Chapter 2 GREEKS/CH-2-documents symposium_contemporarytrans.pdf
113.03.04 20:16 B C:\Documents and Settings\Philip Pecorino\My Documents\My Web Sites\QCCWeb-DW\INTRO_TEXT\Chapter 2 GREEKS\CH-2-documents\episcitelli_lecture.pdf --> www2.sunysuffolk.edu /pecorip/SCCCWEB/INTRO_TEXT/Chapter 2 GREEKS/CH-2-documents episcitelli_lecture.pdf
113.03.04 20:16 B C:\Documents and Settings\Philip Pecorino\My Documents\My Web Sites\QCCWeb-DW\INTRO_TEXT\Chapter 2 GREEKS\CH-2-documents\Exploring Plato's Dialogues_ The Title of the Symposium.pdf --> www2.sunysuffolk.edu /pecorip/SCCCWEB/INTRO_TEXT/Chapter 2 GREEKS/CH-2-documents Exploring Plato's Dialogues_ The Title of the Symposium.pdf
113.03.04 20:16 B C:\Documents and Settings\Philip Pecorino\My Documents\My Web Sites\QCCWeb-DW\INTRO_TEXT\Chapter 2 GREEKS\CH-2-documents\ARKINS_ Sex in Athens.pdf --> www2.sunysuffolk.edu /pecorip/SCCCWEB/INTRO_TEXT/Chapter 2 GREEKS/CH-2-documents ARKINS_ Sex in Athens.pdf
113.03.04 20:16 B C:\Documents and Settings\Philip Pecorino\My Documents\My Web Sites\QCCWeb-DW\INTRO_TEXT\Chapter 2 GREEKS\CH-2-documents\Paul Tillich.pdf --> www2.sunysuffolk.edu /pecorip/SCCCWEB/INTRO_TEXT/Chapter 2 GREEKS/CH-2-documents Paul Tillich.pdf
113.03.04 20:16 B C:\Documents and Settings\Philip Pecorino\My Documents\My Web Sites\QCCWeb-DW\INTRO_TEXT\Chapter 2 GREEKS\CH-2-documents\Introduction to the Bible and Biblical Problems.pdf --> www2.sunysuffolk.edu /pecorip/SCCCWEB/INTRO_TEXT/Chapter 2 GREEKS/CH-2-documents Introduction to the Bible and Biblical Problems.pdf
113.03.04 20:16 B C:\Documents and Settings\Philip Pecorino\My Documents\My Web Sites\QCCWeb-DW\INTRO_TEXT\Chapter 2 GREEKS\CH-2-documents\ch2-faithskeptic-noah.pdf --> www2.sunysuffolk.edu /pecorip/SCCCWEB/INTRO_TEXT/Chapter 2 GREEKS/CH-2-documents ch2-faithskeptic-noah.pdf
113.03.04 20:16 B C:\Documents and Settings\Philip Pecorino\My Documents\My Web Sites\QCCWeb-DW\INTRO_TEXT\Chapter 2 GREEKS\CH-2-documents\tsc_Greek Education and the Transition From Oral to Written Culture.pdf --> www2.sunysuffolk.edu /pecorip/SCCCWEB/INTRO_TEXT/Chapter 2 GREEKS/CH-2-documents tsc_Greek Education and the Transition From Oral to Written Culture.pdf
113.03.04 20:16 B C:\Documents and Settings\Philip Pecorino\My Documents\My Web Sites\QCCWeb-DW\INTRO_TEXT\Chapter 2 GREEKS\CH-2-documents\tsc_Plato and the Philosophical Foundations of Culture and Technology.pdf --> www2.sunysuffolk.edu /pecorip/SCCCWEB/INTRO_TEXT/Chapter 2 GREEKS/CH-2-documents tsc_Plato and the Philosophical Foundations of Culture and Technology.pdf
113.03.04 20:16 B C:\Documents and Settings\Philip Pecorino\My Documents\My Web Sites\QCCWeb-DW\INTRO_TEXT\Chapter 2 GREEKS\CH-2-documents\Plato-Critique-sophists.pdf --> www2.sunysuffolk.edu /pecorip/SCCCWEB/INTRO_TEXT/Chapter 2 GREEKS/CH-2-documents Plato-Critique-sophists.pdf
113.03.04 20:16 B C:\Documents and Settings\Philip Pecorino\My Documents\My Web Sites\QCCWeb-DW\INTRO_TEXT\Chapter 2 GREEKS\CH-2-documents\tsc_Plato's Banishment of the Poets.pdf --> www2.sunysuffolk.edu /pecorip/SCCCWEB/INTRO_TEXT/Chapter 2 GREEKS/CH-2-documents tsc_Plato's Banishment of the Poets.pdf
113.03.04 20:16 B C:\Documents and Settings\Philip Pecorino\My Documents\My Web Sites\QCCWeb-DW\INTRO_TEXT\Chapter 2 GREEKS\CH-2-documents\Xenophanes.pdf --> www2.sunysuffolk.edu /pecorip/SCCCWEB/INTRO_TEXT/Chapter 2 GREEKS/CH-2-documents Xenophanes.pdf
113.03.04 20:16 B C:\Documents and Settings\Philip Pecorino\My Documents\My Web Sites\QCCWeb-DW\INTRO_TEXT\Chapter 2 GREEKS\CH-2-documents\Zeno of Elea.pdf --> www2.sunysuffolk.edu /pecorip/SCCCWEB/INTRO_TEXT/Chapter 2 GREEKS/CH-2-documents Zeno of Elea.pdf
113.03.04 20:18 B C:\Documents and Settings\Philip Pecorino\My Documents\My Web Sites\QCCWeb-DW\INTRO_TEXT\Chapter 2 GREEKS\CH-2-documents\Euripides c. 480-406 B.C.pdf --> www2.sunysuffolk.edu /pecorip/SCCCWEB/ETEXTS/INTRO_TEXT/Chapter 2 GREEKS/CH-2-documents Euripides c. 480-406 B.C.pdf
113.03.04 20:18 B C:\Documents and Settings\Philip Pecorino\My Documents\My Web Sites\QCCWeb-DW\INTRO_TEXT\Chapter 2 GREEKS\CH-2-documents\Sophocles c. 496-406 B.C.pdf --> www2.sunysuffolk.edu /pecorip/SCCCWEB/ETEXTS/INTRO_TEXT/Chapter 2 GREEKS/CH-2-documents Sophocles c. 496-406 B.C.pdf
113.03.04 20:18 B C:\Documents and Settings\Philip Pecorino\My Documents\My Web Sites\QCCWeb-DW\INTRO_TEXT\Chapter 2 GREEKS\CH-2-documents\Aristophanes c. 448-380 B.C.pdf --> www2.sunysuffolk.edu /pecorip/SCCCWEB/ETEXTS/INTRO_TEXT/Chapter 2 GREEKS/CH-2-documents Aristophanes c. 448-380 B.C.pdf
113.03.04 20:18 B C:\Documents and Settings\Philip Pecorino\My Documents\My Web Sites\QCCWeb-DW\INTRO_TEXT\Chapter 2 GREEKS\CH-2-documents\Aristophanes, Birds (e-text).pdf --> www2.sunysuffolk.edu /pecorip/SCCCWEB/ETEXTS/INTRO_TEXT/Chapter 2 GREEKS/CH-2-documents Aristophanes, Birds (e-text).pdf
113.03.04 20:18 B C:\Documents and Settings\Philip Pecorino\My Documents\My Web Sites\QCCWeb-DW\INTRO_TEXT\Chapter 2 GREEKS\CH-2-documents\Aristoophanes Lysistrata.pdf --> www2.sunysuffolk.edu /pecorip/SCCCWEB/ETEXTS/INTRO_TEXT/Chapter 2 GREEKS/CH-2-documents Aristoophanes Lysistrata.pdf
113.03.04 20:18 B C:\Documents and Settings\Philip Pecorino\My Documents\My Web Sites\QCCWeb-DW\INTRO_TEXT\Chapter 2 GREEKS\CH-2-documents\Aristophanes Frogs.pdf --> www2.sunysuffolk.edu /pecorip/SCCCWEB/ETEXTS/INTRO_TEXT/Chapter 2 GREEKS/CH-2-documents Aristophanes Frogs.pdf
113.03.04 20:18 B C:\Documents and Settings\Philip Pecorino\My Documents\My Web Sites\QCCWeb-DW\INTRO_TEXT\Chapter 2 GREEKS\CH-2-documents\presoc_anaximenes.pdf --> www2.sunysuffolk.edu /pecorip/SCCCWEB/ETEXTS/INTRO_TEXT/Chapter 2 GREEKS/CH-2-documents presoc_anaximenes.pdf
113.03.04 20:18 B C:\Documents and Settings\Philip Pecorino\My Documents\My Web Sites\QCCWeb-DW\INTRO_TEXT\Chapter 2 GREEKS\CH-2-documents\presoc_anaxagoras.pdf --> www2.sunysuffolk.edu /pecorip/SCCCWEB/ETEXTS/INTRO_TEXT/Chapter 2 GREEKS/CH-2-documents presoc_anaxagoras.pdf
113.03.04 20:18 B C:\Documents and Settings\Philip Pecorino\My Documents\My Web Sites\QCCWeb-DW\INTRO_TEXT\Chapter 2 GREEKS\CH-2-documents\presoc_empedocles.pdf --> www2.sunysuffolk.edu /pecorip/SCCCWEB/ETEXTS/INTRO_TEXT/Chapter 2 GREEKS/CH-2-documents presoc_empedocles.pdf
113.03.04 20:18 B C:\Documents and Settings\Philip Pecorino\My Documents\My Web Sites\QCCWeb-DW\INTRO_TEXT\Chapter 2 GREEKS\CH-2-documents\presoc_leucippus.pdf --> www2.sunysuffolk.edu /pecorip/SCCCWEB/ETEXTS/INTRO_TEXT/Chapter 2 GREEKS/CH-2-documents presoc_leucippus.pdf
113.03.04 20:18 B C:\Documents and Settings\Philip Pecorino\My Documents\My Web Sites\QCCWeb-DW\INTRO_TEXT\Chapter 2 GREEKS\CH-2-documents\presoc_pythagoras.pdf --> www2.sunysuffolk.edu /pecorip/SCCCWEB/ETEXTS/INTRO_TEXT/Chapter 2 GREEKS/CH-2-documents presoc_pythagoras.pdf
113.03.04 20:18 B C:\Documents and Settings\Philip Pecorino\My Documents\My Web Sites\QCCWeb-DW\INTRO_TEXT\Chapter 2 GREEKS\CH-2-documents\presoc_democritus.pdf --> www2.sunysuffolk.edu /pecorip/SCCCWEB/ETEXTS/INTRO_TEXT/Chapter 2 GREEKS/CH-2-documents presoc_democritus.pdf
113.03.04 20:18 B C:\Documents and Settings\Philip Pecorino\My Documents\My Web Sites\QCCWeb-DW\INTRO_TEXT\Chapter 2 GREEKS\CH-2-documents\presoc_lucretius.pdf --> www2.sunysuffolk.edu /pecorip/SCCCWEB/ETEXTS/INTRO_TEXT/Chapter 2 GREEKS/CH-2-documents presoc_lucretius.pdf
113.03.04 20:18 B C:\Documents and Settings\Philip Pecorino\My Documents\My Web Sites\QCCWeb-DW\INTRO_TEXT\Chapter 2 GREEKS\CH-2-documents\presoc_parmendies.pdf --> www2.sunysuffolk.edu /pecorip/SCCCWEB/ETEXTS/INTRO_TEXT/Chapter 2 GREEKS/CH-2-documents presoc_parmendies.pdf
113.03.04 20:18 B C:\Documents and Settings\Philip Pecorino\My Documents\My Web Sites\QCCWeb-DW\INTRO_TEXT\Chapter 2 GREEKS\CH-2-documents\presoc_heraclitus.pdf --> www2.sunysuffolk.edu /pecorip/SCCCWEB/ETEXTS/INTRO_TEXT/Chapter 2 GREEKS/CH-2-documents presoc_heraclitus.pdf
113.03.04 20:18 B C:\Documents and Settings\Philip Pecorino\My Documents\My Web Sites\QCCWeb-DW\INTRO_TEXT\Chapter 2 GREEKS\CH-2-documents\presoc_xenophon.pdf --> www2.sunysuffolk.edu /pecorip/SCCCWEB/ETEXTS/INTRO_TEXT/Chapter 2 GREEKS/CH-2-documents presoc_xenophon.pdf
113.03.04 20:18 B C:\Documents and Settings\Philip Pecorino\My Documents\My Web Sites\QCCWeb-DW\INTRO_TEXT\Chapter 2 GREEKS\CH-2-documents\presoc_diogenes.pdf --> www2.sunysuffolk.edu /pecorip/SCCCWEB/ETEXTS/INTRO_TEXT/Chapter 2 GREEKS/CH-2-documents presoc_diogenes.pdf
113.03.04 20:18 B C:\Documents and Settings\Philip Pecorino\My Documents\My Web Sites\QCCWeb-DW\INTRO_TEXT\Chapter 2 GREEKS\CH-2-documents\presoc_thales.pdf --> www2.sunysuffolk.edu /pecorip/SCCCWEB/ETEXTS/INTRO_TEXT/Chapter 2 GREEKS/CH-2-documents presoc_thales.pdf
113.03.04 20:18 B C:\Documents and Settings\Philip Pecorino\My Documents\My Web Sites\QCCWeb-DW\INTRO_TEXT\Chapter 2 GREEKS\CH-2-documents\presoc_anaximander.pdf --> www2.sunysuffolk.edu /pecorip/SCCCWEB/ETEXTS/INTRO_TEXT/Chapter 2 GREEKS/CH-2-documents presoc_anaximander.pdf
113.03.04 20:18 B C:\Documents and Settings\Philip Pecorino\My Documents\My Web Sites\QCCWeb-DW\INTRO_TEXT\Chapter 2 GREEKS\CH-2-documents\philosophy from aristotle to augustine.pdf --> www2.sunysuffolk.edu /pecorip/SCCCWEB/ETEXTS/INTRO_TEXT/Chapter 2 GREEKS/CH-2-documents philosophy from aristotle to augustine.pdf
113.03.04 20:18 B C:\Documents and Settings\Philip Pecorino\My Documents\My Web Sites\QCCWeb-DW\INTRO_TEXT\Chapter 2 GREEKS\CH-2-documents\plato_apology.pdf --> www2.sunysuffolk.edu /pecorip/SCCCWEB/ETEXTS/INTRO_TEXT/Chapter 2 GREEKS/CH-2-documents plato_apology.pdf
113.03.04 20:18 B C:\Documents and Settings\Philip Pecorino\My Documents\My Web Sites\QCCWeb-DW\INTRO_TEXT\Chapter 2 GREEKS\CH-2-documents\CRITO-Summary of the Argument Against Escaping from Prison.pdf --> www2.sunysuffolk.edu /pecorip/SCCCWEB/ETEXTS/INTRO_TEXT/Chapter 2 GREEKS/CH-2-documents CRITO-Summary of the Argument Against Escaping from Prison.pdf
113.03.04 20:18 B C:\Documents and Settings\Philip Pecorino\My Documents\My Web Sites\QCCWeb-DW\INTRO_TEXT\Chapter 2 GREEKS\CH-2-documents\Socratic Method & Scientific Method.pdf --> www2.sunysuffolk.edu /pecorip/SCCCWEB/ETEXTS/INTRO_TEXT/Chapter 2 GREEKS/CH-2-documents Socratic Method & Scientific Method.pdf
113.03.04 20:18 B C:\Documents and Settings\Philip Pecorino\My Documents\My Web Sites\QCCWeb-DW\INTRO_TEXT\Chapter 2 GREEKS\CH-2-documents\Greek Philosophy_ Plato.pdf --> www2.sunysuffolk.edu /pecorip/SCCCWEB/ETEXTS/INTRO_TEXT/Chapter 2 GREEKS/CH-2-documents Greek Philosophy_ Plato.pdf
113.03.04 20:18 B C:\Documents and Settings\Philip Pecorino\My Documents\My Web Sites\QCCWeb-DW\INTRO_TEXT\Chapter 2 GREEKS\CH-2-documents\Greek Philosophy_ Plato, The Allegory of the Cave, The Divided Line.pdf --> www2.sunysuffolk.edu /pecorip/SCCCWEB/ETEXTS/INTRO_TEXT/Chapter 2 GREEKS/CH-2-documents Greek Philosophy_ Plato, The Allegory of the Cave, The Divided Line.pdf
113.03.04 20:18 B C:\Documents and Settings\Philip Pecorino\My Documents\My Web Sites\QCCWeb-DW\INTRO_TEXT\Chapter 2 GREEKS\CH-2-documents\symposium_contemporarytrans.pdf --> www2.sunysuffolk.edu /pecorip/SCCCWEB/ETEXTS/INTRO_TEXT/Chapter 2 GREEKS/CH-2-documents symposium_contemporarytrans.pdf
113.03.04 20:18 B C:\Documents and Settings\Philip Pecorino\My Documents\My Web Sites\QCCWeb-DW\INTRO_TEXT\Chapter 2 GREEKS\CH-2-documents\episcitelli_lecture.pdf --> www2.sunysuffolk.edu /pecorip/SCCCWEB/ETEXTS/INTRO_TEXT/Chapter 2 GREEKS/CH-2-documents episcitelli_lecture.pdf
113.03.04 20:18 B C:\Documents and Settings\Philip Pecorino\My Documents\My Web Sites\QCCWeb-DW\INTRO_TEXT\Chapter 2 GREEKS\CH-2-documents\Exploring Plato's Dialogues_ The Title of the Symposium.pdf --> www2.sunysuffolk.edu /pecorip/SCCCWEB/ETEXTS/INTRO_TEXT/Chapter 2 GREEKS/CH-2-documents Exploring Plato's Dialogues_ The Title of the Symposium.pdf
113.03.04 20:18 B C:\Documents and Settings\Philip Pecorino\My Documents\My Web Sites\QCCWeb-DW\INTRO_TEXT\Chapter 2 GREEKS\CH-2-documents\ARKINS_ Sex in Athens.pdf --> www2.sunysuffolk.edu /pecorip/SCCCWEB/ETEXTS/INTRO_TEXT/Chapter 2 GREEKS/CH-2-documents ARKINS_ Sex in Athens.pdf
113.03.04 20:18 B C:\Documents and Settings\Philip Pecorino\My Documents\My Web Sites\QCCWeb-DW\INTRO_TEXT\Chapter 2 GREEKS\CH-2-documents\Paul Tillich.pdf --> www2.sunysuffolk.edu /pecorip/SCCCWEB/ETEXTS/INTRO_TEXT/Chapter 2 GREEKS/CH-2-documents Paul Tillich.pdf
113.03.04 20:18 B C:\Documents and Settings\Philip Pecorino\My Documents\My Web Sites\QCCWeb-DW\INTRO_TEXT\Chapter 2 GREEKS\CH-2-documents\Introduction to the Bible and Biblical Problems.pdf --> www2.sunysuffolk.edu /pecorip/SCCCWEB/ETEXTS/INTRO_TEXT/Chapter 2 GREEKS/CH-2-documents Introduction to the Bible and Biblical Problems.pdf
113.03.04 20:18 B C:\Documents and Settings\Philip Pecorino\My Documents\My Web Sites\QCCWeb-DW\INTRO_TEXT\Chapter 2 GREEKS\CH-2-documents\ch2-faithskeptic-noah.pdf --> www2.sunysuffolk.edu /pecorip/SCCCWEB/ETEXTS/INTRO_TEXT/Chapter 2 GREEKS/CH-2-documents ch2-faithskeptic-noah.pdf
113.03.04 20:18 B C:\Documents and Settings\Philip Pecorino\My Documents\My Web Sites\QCCWeb-DW\INTRO_TEXT\Chapter 2 GREEKS\CH-2-documents\tsc_Greek Education and the Transition From Oral to Written Culture.pdf --> www2.sunysuffolk.edu /pecorip/SCCCWEB/ETEXTS/INTRO_TEXT/Chapter 2 GREEKS/CH-2-documents tsc_Greek Education and the Transition From Oral to Written Culture.pdf
113.03.04 20:18 B C:\Documents and Settings\Philip Pecorino\My Documents\My Web Sites\QCCWeb-DW\INTRO_TEXT\Chapter 2 GREEKS\CH-2-documents\tsc_Plato and the Philosophical Foundations of Culture and Technology.pdf --> www2.sunysuffolk.edu /pecorip/SCCCWEB/ETEXTS/INTRO_TEXT/Chapter 2 GREEKS/CH-2-documents tsc_Plato and the Philosophical Foundations of Culture and Technology.pdf
113.03.04 20:18 B C:\Documents and Settings\Philip Pecorino\My Documents\My Web Sites\QCCWeb-DW\INTRO_TEXT\Chapter 2 GREEKS\CH-2-documents\Plato-Critique-sophists.pdf --> www2.sunysuffolk.edu /pecorip/SCCCWEB/ETEXTS/INTRO_TEXT/Chapter 2 GREEKS/CH-2-documents Plato-Critique-sophists.pdf
113.03.04 20:18 B C:\Documents and Settings\Philip Pecorino\My Documents\My Web Sites\QCCWeb-DW\INTRO_TEXT\Chapter 2 GREEKS\CH-2-documents\tsc_Plato's Banishment of the Poets.pdf --> www2.sunysuffolk.edu /pecorip/SCCCWEB/ETEXTS/INTRO_TEXT/Chapter 2 GREEKS/CH-2-documents tsc_Plato's Banishment of the Poets.pdf
113.03.04 20:18 B C:\Documents and Settings\Philip Pecorino\My Documents\My Web Sites\QCCWeb-DW\INTRO_TEXT\Chapter 2 GREEKS\CH-2-documents\Xenophanes.pdf --> www2.sunysuffolk.edu /pecorip/SCCCWEB/ETEXTS/INTRO_TEXT/Chapter 2 GREEKS/CH-2-documents Xenophanes.pdf
113.03.04 20:18 B C:\Documents and Settings\Philip Pecorino\My Documents\My Web Sites\QCCWeb-DW\INTRO_TEXT\Chapter 2 GREEKS\CH-2-documents\Zeno of Elea.pdf --> www2.sunysuffolk.edu /pecorip/SCCCWEB/ETEXTS/INTRO_TEXT/Chapter 2 GREEKS/CH-2-documents Zeno of Elea.pdf
113.03.04 20:18 B C:\Documents and Settings\Philip Pecorino\My Documents\My Web Sites\QCCWeb-DW\INTRO_TEXT\Chapter 2 GREEKS\CH-2-documents\WS_FTP.LOG --> www2.sunysuffolk.edu /pecorip/SCCCWEB/ETEXTS/INTRO_TEXT/Chapter 2 GREEKS/CH-2-documents WS_FTP.LOG
